<?xml version="1.0" encoding="UTF-8"?>
<databaseChangeLog
        xmlns="http://www.liquibase.org/xml/ns/dbchangelog"
        xmlns:xsi="http://www.w3.org/2001/XMLSchema-instance"
        xsi:schemaLocation="http://www.liquibase.org/xml/ns/dbchangelog
         http://www.liquibase.org/xml/ns/dbchangelog/dbchangelog-3.8.xsd">

    <changeSet author="hkoscielski" id="TEST-03-insert-into-positions">
        <insert tableName="Positions">
            <column name="name">Wykładowca</column>
        </insert>
        <insert tableName="Positions">
            <column name="name">Starszy wykładowca</column>
        </insert>
    </changeSet>

</databaseChangeLog>