<?xml version="1.0" encoding="UTF-8"?>
<databaseChangeLog
        xmlns="http://www.liquibase.org/xml/ns/dbchangelog"
        xmlns:xsi="http://www.w3.org/2001/XMLSchema-instance"
        xsi:schemaLocation="http://www.liquibase.org/xml/ns/dbchangelog
         http://www.liquibase.org/xml/ns/dbchangelog/dbchangelog-3.8.xsd">

    <changeSet author="hkoscielski" id="TEST-24-insert-into-doctoral_students">
        <insert tableName="Doctoral_Students">
            <column name="id_course_instructor" valueComputed="(select id from Course_Instructors where id_user = (select id from Users where email = 'michal.nowak@pwr.edu.pl'))"/>
            <column name="pensum">180</column>
        </insert>
    </changeSet>

</databaseChangeLog>