<?xml version="1.0" encoding="UTF-8"?>
<databaseChangeLog
        xmlns="http://www.liquibase.org/xml/ns/dbchangelog"
        xmlns:xsi="http://www.w3.org/2001/XMLSchema-instance"
        xsi:schemaLocation="http://www.liquibase.org/xml/ns/dbchangelog
         http://www.liquibase.org/xml/ns/dbchangelog/dbchangelog-3.8.xsd">

    <changeSet author="hkoscielski" id="TEST-21-insert-into-instructors_didactic_forms">
        <insert tableName="Instructors_Didactic_Forms">
            <column name="id_course_instructor" valueComputed="(select id from Course_Instructors where id_user = (select id from Users where email = 'noreply.team14@o2.pl'))"/>
            <column name="id_didactic_form" valueComputed="(select id from Didactic_Forms where name = 'Ćwiczenia')"/>
        </insert>
        <insert tableName="Instructors_Didactic_Forms">
            <column name="id_course_instructor" valueComputed="(select id from Course_Instructors where id_user = (select id from Users where email = 'noreply.team14@o2.pl'))"/>
            <column name="id_didactic_form" valueComputed="(select id from Didactic_Forms where name = 'Laboratorium')"/>
        </insert>
        <insert tableName="Instructors_Didactic_Forms">
            <column name="id_course_instructor" valueComputed="(select id from Course_Instructors where id_user = (select id from Users where email = 'noreply.team14@o2.pl'))"/>
            <column name="id_didactic_form" valueComputed="(select id from Didactic_Forms where name = 'Praca Inżynierska')"/>
        </insert>
        <insert tableName="Instructors_Didactic_Forms">
            <column name="id_course_instructor" valueComputed="(select id from Course_Instructors where id_user = (select id from Users where email = 'noreply.team14@o2.pl'))"/>
            <column name="id_didactic_form" valueComputed="(select id from Didactic_Forms where name = 'Projekt')"/>
        </insert>
        <insert tableName="Instructors_Didactic_Forms">
            <column name="id_course_instructor" valueComputed="(select id from Course_Instructors where id_user = (select id from Users where email = 'hubson10@op.pl'))"/>
            <column name="id_didactic_form" valueComputed="(select id from Didactic_Forms where name = 'Ćwiczenia')"/>
        </insert>
        <insert tableName="Instructors_Didactic_Forms">
            <column name="id_course_instructor" valueComputed="(select id from Course_Instructors where id_user = (select id from Users where email = 'hubson10@op.pl'))"/>
            <column name="id_didactic_form" valueComputed="(select id from Didactic_Forms where name = 'Laboratorium')"/>
        </insert>
        <insert tableName="Instructors_Didactic_Forms">
            <column name="id_course_instructor" valueComputed="(select id from Course_Instructors where id_user = (select id from Users where email = 'hubson10@op.pl'))"/>
            <column name="id_didactic_form" valueComputed="(select id from Didactic_Forms where name = 'Praca Inżynierska')"/>
        </insert>
        <insert tableName="Instructors_Didactic_Forms">
            <column name="id_course_instructor" valueComputed="(select id from Course_Instructors where id_user = (select id from Users where email = 'hubson10@op.pl'))"/>
            <column name="id_didactic_form" valueComputed="(select id from Didactic_Forms where name = 'Projekt')"/>
        </insert>
        <insert tableName="Instructors_Didactic_Forms">
            <column name="id_course_instructor" valueComputed="(select id from Course_Instructors where id_user = (select id from Users where email = 'huberto1010@op.pl'))"/>
            <column name="id_didactic_form" valueComputed="(select id from Didactic_Forms where name = 'Ćwiczenia')"/>
        </insert>
        <insert tableName="Instructors_Didactic_Forms">
            <column name="id_course_instructor" valueComputed="(select id from Course_Instructors where id_user = (select id from Users where email = 'huberto1010@op.pl'))"/>
            <column name="id_didactic_form" valueComputed="(select id from Didactic_Forms where name = 'Laboratorium')"/>
        </insert>
        <insert tableName="Instructors_Didactic_Forms">
            <column name="id_course_instructor" valueComputed="(select id from Course_Instructors where id_user = (select id from Users where email = 'huberto1010@op.pl'))"/>
            <column name="id_didactic_form" valueComputed="(select id from Didactic_Forms where name = 'Praca Inżynierska')"/>
        </insert>
        <insert tableName="Instructors_Didactic_Forms">
            <column name="id_course_instructor" valueComputed="(select id from Course_Instructors where id_user = (select id from Users where email = 'huberto1010@op.pl'))"/>
            <column name="id_didactic_form" valueComputed="(select id from Didactic_Forms where name = 'Praca Magisterska')"/>
        </insert>
        <insert tableName="Instructors_Didactic_Forms">
            <column name="id_course_instructor" valueComputed="(select id from Course_Instructors where id_user = (select id from Users where email = 'huberto1010@op.pl'))"/>
            <column name="id_didactic_form" valueComputed="(select id from Didactic_Forms where name = 'Projekt')"/>
        </insert>
        <insert tableName="Instructors_Didactic_Forms">
            <column name="id_course_instructor" valueComputed="(select id from Course_Instructors where id_user = (select id from Users where email = 'huberto1010@op.pl'))"/>
            <column name="id_didactic_form" valueComputed="(select id from Didactic_Forms where name = 'Seminarium')"/>
        </insert>
        <insert tableName="Instructors_Didactic_Forms">
            <column name="id_course_instructor" valueComputed="(select id from Course_Instructors where id_user = (select id from Users where email = 'huberto1010@op.pl'))"/>
            <column name="id_didactic_form" valueComputed="(select id from Didactic_Forms where name = 'Wykład')"/>
        </insert>
    </changeSet>

</databaseChangeLog>