<?xml version="1.0" encoding="UTF-8"?>
<databaseChangeLog
        xmlns="http://www.liquibase.org/xml/ns/dbchangelog"
        xmlns:xsi="http://www.w3.org/2001/XMLSchema-instance"
        xsi:schemaLocation="http://www.liquibase.org/xml/ns/dbchangelog
         http://www.liquibase.org/xml/ns/dbchangelog/dbchangelog-3.8.xsd">

    <changeSet author="hkoscielski" id="TEST-26-insert-into-agreements">
        <insert tableName="Agreements">
            <column name="agreement_start_date" valueDate="${now} - 90"/>
            <column name="agreement_end_date" valueDate="${now}"/>
            <column name="id_course_instructor" valueComputed="(select id from Course_Instructors where id_user = (select id from Users where email = 'jan.kowalski@pwr.edu.pl'))"/>
            <column name="id_didactic_form" valueComputed="(select id from Didactic_Forms where code = 'PDM')"/>
        </insert>
    </changeSet>

</databaseChangeLog>