<?xml version="1.0" encoding="UTF-8"?>
<databaseChangeLog
        xmlns="http://www.liquibase.org/xml/ns/dbchangelog"
        xmlns:xsi="http://www.w3.org/2001/XMLSchema-instance"
        xsi:schemaLocation="http://www.liquibase.org/xml/ns/dbchangelog
         http://www.liquibase.org/xml/ns/dbchangelog/dbchangelog-3.8.xsd">

    <changeSet author="hkoscielski" id="TEST-27-insert-into-v_entrustments">
        <insert tableName="V_Entrustments">
            <column name="id">1</column>
            <column name="version">1</column>
            <column name="number_of_hours">15</column>
            <column name="id_course" valueComputed="(select id from Courses where code = 'INZ004448L')"/>
            <column name="id_course_instructor" valueComputed="(select id from Course_Instructors where id_user = (select id from Users where email = 'noreply.team14@o2.pl'))"/>
            <column name="id_entrustment_status" valueComputed="(select id from Entrustment_Statuses where name = 'Zaproponowane')"/>
        </insert>
        <insert tableName="V_Entrustments">
            <column name="id">1</column>
            <column name="version">2</column>
            <column name="number_of_hours">15</column>
            <column name="id_course" valueComputed="(select id from Courses where code = 'INZ004448L')"/>
            <column name="id_course_instructor" valueComputed="(select id from Course_Instructors where id_user = (select id from Users where email = 'noreply.team14@o2.pl'))"/>
            <column name="id_entrustment_status" valueComputed="(select id from Entrustment_Statuses where name = 'Zaakceptowane')"/>
        </insert>
        <insert tableName="V_Entrustments">
            <column name="id">2</column>
            <column name="version">1</column>
            <column name="number_of_hours">15</column>
            <column name="id_course" valueComputed="(select id from Courses where code = 'MAT001656W')"/>
            <column name="id_course_instructor" valueComputed="(select id from Course_Instructors where id_user = (select id from Users where email = 'huberto1010@op.pl'))"/>
            <column name="id_entrustment_status" valueComputed="(select id from Entrustment_Statuses where name = 'Zaproponowane')"/>
        </insert>
        <insert tableName="V_Entrustments">
            <column name="id">2</column>
            <column name="version">2</column>
            <column name="number_of_hours">15</column>
            <column name="id_course" valueComputed="(select id from Courses where code = 'MAT001656W')"/>
            <column name="id_course_instructor" valueComputed="(select id from Course_Instructors where id_user = (select id from Users where email = 'huberto1010@op.pl'))"/>
            <column name="id_entrustment_status" valueComputed="(select id from Entrustment_Statuses where name = 'Odrzucone')"/>
        </insert>

        <insert tableName="V_Entrustments">
            <column name="id">3</column>
            <column name="version">1</column>
            <column name="number_of_hours">30</column>
            <column name="id_course" valueComputed="(select id from Courses where code = 'INZ003854P')"/>
            <column name="id_course_instructor" valueComputed="(select id from Course_Instructors where id_user = (select id from Users where email = 'hubson10@op.pl'))"/>
            <column name="id_entrustment_status" valueComputed="(select id from Entrustment_Statuses where name = 'Zaproponowane')"/>
        </insert>
    </changeSet>

</databaseChangeLog>