<?xml version="1.0" encoding="UTF-8"?>
<databaseChangeLog
        xmlns="http://www.liquibase.org/xml/ns/dbchangelog"
        xmlns:xsi="http://www.w3.org/2001/XMLSchema-instance"
        xsi:schemaLocation="http://www.liquibase.org/xml/ns/dbchangelog
         http://www.liquibase.org/xml/ns/dbchangelog/dbchangelog-3.8.xsd">

    <changeSet author="hkoscielski" id="TEST-05-insert-into-faculties">
        <insert tableName="Faculties">
            <column name="symbol">W08</column>
            <column name="name">Wydział Informatyki i Zarządzania</column>
        </insert>
        <insert tableName="Faculties">
            <column name="symbol">W10</column>
            <column name="name">Wydział Mechaniczny</column>
        </insert>
    </changeSet>

</databaseChangeLog>