<?xml version="1.0" encoding="UTF-8"?>
<databaseChangeLog
        xmlns="http://www.liquibase.org/xml/ns/dbchangelog"
        xmlns:xsi="http://www.w3.org/2001/XMLSchema-instance"
        xsi:schemaLocation="http://www.liquibase.org/xml/ns/dbchangelog
         http://www.liquibase.org/xml/ns/dbchangelog/dbchangelog-3.8.xsd">

    <changeSet author="hkoscielski" id="TEST-14-insert-into-entrustment_plans">
        <insert tableName="Entrustment_Plans">
            <column name="number_of_students">45</column>
            <column name="id_semester" valueComputed="(select id from Semesters where academic_year = '2018/2019' and semester_number = 1 and id_study_plan = (select id from Study_Plans where start_academic_year = '2018/2019' and id_specialty = (select id from Specialties where name = 'Inżynieria Oprogramowania') and id_field_of_study = (select id from Fields_Of_Study where short_name = 'inf' and id_faculty = (select id from Faculties where symbol = 'W08'))))"/>
        </insert>
        <insert tableName="Entrustment_Plans">
            <column name="number_of_students">45</column>
            <column name="id_semester" valueComputed="(select id from Semesters where academic_year = '2018/2019' and semester_number = 2 and id_study_plan = (select id from Study_Plans where start_academic_year = '2018/2019' and id_specialty = (select id from Specialties where name = 'Inżynieria Oprogramowania') and id_field_of_study = (select id from Fields_Of_Study where short_name = 'inf' and id_faculty = (select id from Faculties where symbol = 'W08'))))"/>
        </insert>
        <insert tableName="Entrustment_Plans">
            <column name="number_of_students">45</column>
            <column name="id_semester" valueComputed="(select id from Semesters where academic_year = '2019/2020' and semester_number = 3 and id_study_plan = (select id from Study_Plans where start_academic_year = '2018/2019' and id_specialty = (select id from Specialties where name = 'Inżynieria Oprogramowania') and id_field_of_study = (select id from Fields_Of_Study where short_name = 'inf' and id_faculty = (select id from Faculties where symbol = 'W08'))))"/>
        </insert>
        <insert tableName="Entrustment_Plans">
            <column name="number_of_students">180</column>
            <column name="id_semester" valueComputed="(select id from Semesters where academic_year = '2019/2020' and semester_number = 1 and id_study_plan = (select id from Study_Plans where start_academic_year = '2019/2020' and id_field_of_study = (select id from Fields_Of_Study where short_name = 'mbm' and id_faculty = (select id from Faculties where symbol = 'W10'))))"/>
        </insert>
    </changeSet>

</databaseChangeLog>