<?xml version="1.0" encoding="UTF-8"?>
<databaseChangeLog
        xmlns="http://www.liquibase.org/xml/ns/dbchangelog"
        xmlns:xsi="http://www.w3.org/2001/XMLSchema-instance"
        xsi:schemaLocation="http://www.liquibase.org/xml/ns/dbchangelog
         http://www.liquibase.org/xml/ns/dbchangelog/dbchangelog-3.8.xsd">

    <changeSet author="hkoscielski" id="TEST-21-insert-into-course_instructors">
        <insert tableName="Course_Instructors">
            <column name="id_user" valueComputed="(select id from Users where email = 'noreply.team14@o2.pl')"/>
            <column name="id_academic_degree" valueComputed="(select id from Academic_Degrees where short_name = 'mgr')"/>
            <column name="firstname">Jan</column>
            <column name="surname">Kowalski</column>
        </insert>
        <insert tableName="Course_Instructors">
            <column name="id_user" valueComputed="(select id from Users where email = 'hubson10@op.pl')"/>
            <column name="id_academic_degree" valueComputed="(select id from Academic_Degrees where short_name = 'mgr')"/>
            <column name="firstname">Micha≈Ç</column>
            <column name="surname">Nowak</column>
        </insert>
        <insert tableName="Course_Instructors">
            <column name="id_user" valueComputed="(select id from Users where email = 'huberto1010@op.pl')"/>
            <column name="id_academic_degree" valueComputed="(select id from Academic_Degrees where short_name = 'dr')"/>
            <column name="firstname">Andrzej</column>
            <column name="surname">Kruk</column>
        </insert>
    </changeSet>

</databaseChangeLog>