<?xml version="1.0" encoding="UTF-8"?>
<databaseChangeLog
        xmlns="http://www.liquibase.org/xml/ns/dbchangelog"
        xmlns:xsi="http://www.w3.org/2001/XMLSchema-instance"
        xsi:schemaLocation="http://www.liquibase.org/xml/ns/dbchangelog
         http://www.liquibase.org/xml/ns/dbchangelog/dbchangelog-3.8.xsd">

    <changeSet author="hkoscielski" id="TEST-28-insert-into-entrustments_logs">
        <insert tableName="Entrustments_Logs">
            <column name="id_entrustment">1</column>
            <column name="entrustment_version">1</column>
            <column name="id_user" valueComputed="(select id from Users where email = 'anna444444.sekretarz@pwr.edu.pl')"/>
            <column name="change_date" valueDate="${now}"/>
            <column name="change_type">I</column>
        </insert>
        <insert tableName="Entrustments_Logs">
            <column name="id_entrustment">1</column>
            <column name="entrustment_version">2</column>
            <column name="id_user" valueComputed="(select id from Users where email = 'noreply.team14@o2.pl')"/>
            <column name="change_date" valueDate="${now}"/>
            <column name="change_type">U</column>
        </insert>

        <insert tableName="Entrustments_Logs">
            <column name="id_entrustment">2</column>
            <column name="entrustment_version">1</column>
            <column name="id_user" valueComputed="(select id from Users where email = 'anna444444.sekretarz@pwr.edu.pl')"/>
            <column name="change_date" valueDate="${now}"/>
            <column name="change_type">I</column>
        </insert>
        <insert tableName="Entrustments_Logs">
            <column name="id_entrustment">2</column>
            <column name="entrustment_version">2</column>
            <column name="id_user" valueComputed="(select id from Users where email = 'huberto1010@op.pl')"/>
            <column name="change_date" valueDate="${now}"/>
            <column name="change_type">U</column>
        </insert>

        <insert tableName="Entrustments_Logs">
            <column name="id_entrustment">3</column>
            <column name="entrustment_version">1</column>
            <column name="id_user" valueComputed="(select id from Users where email = 'anna444444.sekretarz@pwr.edu.pl')"/>
            <column name="change_date" valueDate="${now}"/>
            <column name="change_type">I</column>
        </insert>
    </changeSet>

</databaseChangeLog>