<?xml version="1.0" encoding="UTF-8"?>
<databaseChangeLog
        xmlns="http://www.liquibase.org/xml/ns/dbchangelog"
        xmlns:xsi="http://www.w3.org/2001/XMLSchema-instance"
        xsi:schemaLocation="http://www.liquibase.org/xml/ns/dbchangelog
         http://www.liquibase.org/xml/ns/dbchangelog/dbchangelog-3.8.xsd">

    <changeSet author="hkoscielski" id="TEST-20-insert-into-users">
        <insert tableName="Users">
            <column name="email" >jan.kowalski@pwr.edu.pl</column>
            <column name="username">pwr111111</column>
            <column name="password">password</column>
        </insert>
        <insert tableName="Users">
            <column name="email" >michal.nowak@pwr.edu.pl</column>
            <column name="username">pwr222222</column>
            <column name="password">password2</column>
        </insert>
        <insert tableName="Users">
            <column name="email" >andrzej.kruk@pwr.edu.pl</column>
            <column name="username">pwr333333</column>
            <column name="password">password3</column>
        </insert>
        <insert tableName="Users">
            <column name="email" >anna.sekretarz@pwr.edu.pl</column>
            <column name="username">pwr444444</column>
            <column name="password">password4</column>
        </insert>
    </changeSet>

</databaseChangeLog>